<?xml version="1.0" encoding="UTF-8"?>
<!-- Generated by org.testng.reporters.JUnitXMLReporter -->
<testsuite ignored="0" hostname="Vikesh" failures="0" tests="11" name="Test" time="6.485" errors="0" timestamp="2025-10-15T00:11:03 IST">
  <testcase classname="SauceDemo_TestNG.test001" name="validating_the_Title" time="0.018"/>
  <testcase classname="SauceDemo_TestNG.test001" name="validating_the_URL" time="0.015"/>
  <testcase classname="SauceDemo_TestNG.test001" name="read_the_credential" time="0.93"/>
  <testcase classname="SauceDemo_TestNG.test001" name="Validating_the_DropDown" time="0.322"/>
  <testcase classname="SauceDemo_TestNG.test001" name="Clicking_the_first_product" time="0.077"/>
  <testcase classname="SauceDemo_TestNG.test001" name="clicking_the_add_to_cart" time="0.172"/>
  <testcase classname="SauceDemo_TestNG.test001" name="add_to_cart_page_and_checkout" time="0.107"/>
  <testcase classname="SauceDemo_TestNG.test001" name="checkout_Details" time="0.316"/>
  <testcase classname="SauceDemo_TestNG.test001" name="summary_Page" time="0.355"/>
  <testcase classname="SauceDemo_TestNG.test001" name="order_placed_msg" time="0.024"/>
  <testcase classname="SauceDemo_TestNG.test002" name="read_the_credential" time="0.872"/>
</testsuite> <!-- Test -->
